User belongs to experiment group 'ShowPlayIcon - start'
User belongs to experiment group 'ShowExtensionSurveyPrompt - enabled'
User belongs to experiment group 'DebugAdapterFactory - experiment'
> conda --version
> pyenv root
> python3.7 -c "import sys;print(sys.executable)"
> python3.6 -c "import sys;print(sys.executable)"
> python3 -c "import sys;print(sys.executable)"
> python2 -c "import sys;print(sys.executable)"
> python -c "import sys;print(sys.executable)"
> python -c "import sys;print(sys.executable)"
> conda info --json
> /bin/python ~/.vscode/extensions/ms-python.python-2019.9.34911/pythonFiles/interpreterInfo.py
> /bin/python ~/.vscode/extensions/ms-python.python-2019.9.34911/pythonFiles/interpreterInfo.py
> /bin/python2 ~/.vscode/extensions/ms-python.python-2019.9.34911/pythonFiles/interpreterInfo.py
> /bin/python2 ~/.vscode/extensions/ms-python.python-2019.9.34911/pythonFiles/interpreterInfo.py
> /bin/python2.7 ~/.vscode/extensions/ms-python.python-2019.9.34911/pythonFiles/interpreterInfo.py
> /bin/python2.7 ~/.vscode/extensions/ms-python.python-2019.9.34911/pythonFiles/interpreterInfo.py
> /bin/python3 ~/.vscode/extensions/ms-python.python-2019.9.34911/pythonFiles/interpreterInfo.py
> /bin/python3 ~/.vscode/extensions/ms-python.python-2019.9.34911/pythonFiles/interpreterInfo.py
> /bin/python3.6 ~/.vscode/extensions/ms-python.python-2019.9.34911/pythonFiles/interpreterInfo.py
> /bin/python3.6 ~/.vscode/extensions/ms-python.python-2019.9.34911/pythonFiles/interpreterInfo.py
> /bin/python3.4 ~/.vscode/extensions/ms-python.python-2019.9.34911/pythonFiles/interpreterInfo.py
> /bin/python3.4 ~/.vscode/extensions/ms-python.python-2019.9.34911/pythonFiles/interpreterInfo.py
> /usr/bin/python ~/.vscode/extensions/ms-python.python-2019.9.34911/pythonFiles/interpreterInfo.py
> /usr/bin/python ~/.vscode/extensions/ms-python.python-2019.9.34911/pythonFiles/interpreterInfo.py
> /usr/bin/python2 ~/.vscode/extensions/ms-python.python-2019.9.34911/pythonFiles/interpreterInfo.py
> /usr/bin/python2 ~/.vscode/extensions/ms-python.python-2019.9.34911/pythonFiles/interpreterInfo.py
> /usr/bin/python2.7 ~/.vscode/extensions/ms-python.python-2019.9.34911/pythonFiles/interpreterInfo.py
> /usr/bin/python2.7 ~/.vscode/extensions/ms-python.python-2019.9.34911/pythonFiles/interpreterInfo.py
> /usr/bin/python3 ~/.vscode/extensions/ms-python.python-2019.9.34911/pythonFiles/interpreterInfo.py
> /usr/bin/python3 ~/.vscode/extensions/ms-python.python-2019.9.34911/pythonFiles/interpreterInfo.py
> /usr/bin/python3.4 ~/.vscode/extensions/ms-python.python-2019.9.34911/pythonFiles/interpreterInfo.py
> /usr/bin/python3.4 ~/.vscode/extensions/ms-python.python-2019.9.34911/pythonFiles/interpreterInfo.py
> /usr/bin/python3.6 ~/.vscode/extensions/ms-python.python-2019.9.34911/pythonFiles/interpreterInfo.py
> /usr/bin/python3.6 ~/.vscode/extensions/ms-python.python-2019.9.34911/pythonFiles/interpreterInfo.py
> /usr/bin/python ~/.vscode/extensions/ms-python.python-2019.9.34911/pythonFiles/interpreterInfo.py
> /usr/bin/python ~/.vscode/extensions/ms-python.python-2019.9.34911/pythonFiles/interpreterInfo.py
> /usr/bin/python2 ~/.vscode/extensions/ms-python.python-2019.9.34911/pythonFiles/interpreterInfo.py
> /usr/bin/python2 ~/.vscode/extensions/ms-python.python-2019.9.34911/pythonFiles/interpreterInfo.py
> /usr/bin/python2.7 ~/.vscode/extensions/ms-python.python-2019.9.34911/pythonFiles/interpreterInfo.py
> /usr/bin/python2.7 ~/.vscode/extensions/ms-python.python-2019.9.34911/pythonFiles/interpreterInfo.py
> /usr/bin/python3 ~/.vscode/extensions/ms-python.python-2019.9.34911/pythonFiles/interpreterInfo.py
> /usr/bin/python3 ~/.vscode/extensions/ms-python.python-2019.9.34911/pythonFiles/interpreterInfo.py
> /usr/bin/python3.4 ~/.vscode/extensions/ms-python.python-2019.9.34911/pythonFiles/interpreterInfo.py
> /usr/bin/python3.4 ~/.vscode/extensions/ms-python.python-2019.9.34911/pythonFiles/interpreterInfo.py
> /usr/bin/python3.6 ~/.vscode/extensions/ms-python.python-2019.9.34911/pythonFiles/interpreterInfo.py
> /usr/bin/python3.6 ~/.vscode/extensions/ms-python.python-2019.9.34911/pythonFiles/interpreterInfo.py
> /bin/python ~/.vscode/extensions/ms-python.python-2019.9.34911/pythonFiles/interpreterInfo.py
> /bin/python ~/.vscode/extensions/ms-python.python-2019.9.34911/pythonFiles/interpreterInfo.py
> /bin/python2 ~/.vscode/extensions/ms-python.python-2019.9.34911/pythonFiles/interpreterInfo.py
> /bin/python2 ~/.vscode/extensions/ms-python.python-2019.9.34911/pythonFiles/interpreterInfo.py
> /bin/python2.7 ~/.vscode/extensions/ms-python.python-2019.9.34911/pythonFiles/interpreterInfo.py
> /bin/python2.7 ~/.vscode/extensions/ms-python.python-2019.9.34911/pythonFiles/interpreterInfo.py
> /bin/python3 ~/.vscode/extensions/ms-python.python-2019.9.34911/pythonFiles/interpreterInfo.py
> /bin/python3 ~/.vscode/extensions/ms-python.python-2019.9.34911/pythonFiles/interpreterInfo.py
> /bin/python3.4 ~/.vscode/extensions/ms-python.python-2019.9.34911/pythonFiles/interpreterInfo.py
> /bin/python3.4 ~/.vscode/extensions/ms-python.python-2019.9.34911/pythonFiles/interpreterInfo.py
> /bin/python3.6 ~/.vscode/extensions/ms-python.python-2019.9.34911/pythonFiles/interpreterInfo.py
> /bin/python3.6 ~/.vscode/extensions/ms-python.python-2019.9.34911/pythonFiles/interpreterInfo.py
> /usr/bin/python36 ~/.vscode/extensions/ms-python.python-2019.9.34911/pythonFiles/interpreterInfo.py
> /usr/bin/python36 ~/.vscode/extensions/ms-python.python-2019.9.34911/pythonFiles/interpreterInfo.py
> /bin/python36 ~/.vscode/extensions/ms-python.python-2019.9.34911/pythonFiles/interpreterInfo.py
> /bin/python36 ~/.vscode/extensions/ms-python.python-2019.9.34911/pythonFiles/interpreterInfo.py
> /usr/bin/python36 ~/.vscode/extensions/ms-python.python-2019.9.34911/pythonFiles/interpreterInfo.py
> /usr/bin/python36 ~/.vscode/extensions/ms-python.python-2019.9.34911/pythonFiles/interpreterInfo.py
> /bin/python36 ~/.vscode/extensions/ms-python.python-2019.9.34911/pythonFiles/interpreterInfo.py
> /bin/python36 ~/.vscode/extensions/ms-python.python-2019.9.34911/pythonFiles/interpreterInfo.py
> /bin/python3.6 ~/.vscode/extensions/ms-python.python-2019.9.34911/pythonFiles/interpreterInfo.py
> /bin/python3.6 ~/.vscode/extensions/ms-python.python-2019.9.34911/pythonFiles/interpreterInfo.py
> /bin/python3 ~/.vscode/extensions/ms-python.python-2019.9.34911/pythonFiles/interpreterInfo.py
> /bin/python3 ~/.vscode/extensions/ms-python.python-2019.9.34911/pythonFiles/interpreterInfo.py
> /bin/python2 ~/.vscode/extensions/ms-python.python-2019.9.34911/pythonFiles/interpreterInfo.py
> /bin/python2 ~/.vscode/extensions/ms-python.python-2019.9.34911/pythonFiles/interpreterInfo.py
> /bin/python ~/.vscode/extensions/ms-python.python-2019.9.34911/pythonFiles/interpreterInfo.py
> /bin/python ~/.vscode/extensions/ms-python.python-2019.9.34911/pythonFiles/interpreterInfo.py
> /bin/python ~/.vscode/extensions/ms-python.python-2019.9.34911/pythonFiles/interpreterInfo.py
> /bin/python ~/.vscode/extensions/ms-python.python-2019.9.34911/pythonFiles/interpreterInfo.py
Starting Jedi Python language engine.
> /bin/python3 ~/.vscode/extensions/ms-python.python-2019.9.34911/pythonFiles/interpreterInfo.py
> /bin/python3 ~/.vscode/extensions/ms-python.python-2019.9.34911/pythonFiles/interpreterInfo.py
> /bin/python3 ~/.vscode/extensions/ms-python.python-2019.9.34911/pythonFiles/interpreterInfo.py
> /bin/python3 ~/.vscode/extensions/ms-python.python-2019.9.34911/pythonFiles/interpreterInfo.py
> /bin/python3 -m pylint --disable=all --enable=F,unreachable,duplicate-key,unnecessary-semicolon,global-variable-not-assigned,unused-variable,unused-wildcard-import,binary-op-exception,bad-format-string,anomalous-backslash-in-string,bad-open-mode,E0001,E0011,E0012,E0100,E0101,E0102,E0103,E0104,E0105,E0107,E0108,E0110,E0111,E0112,E0113,E0114,E0115,E0116,E0117,E0118,E0202,E0203,E0211,E0213,E0236,E0237,E0238,E0239,E0240,E0241,E0301,E0302,E0303,E0401,E0402,E0601,E0602,E0603,E0604,E0611,E0632,E0633,E0701,E0702,E0703,E0704,E0710,E0711,E0712,E1003,E1101,E1102,E1111,E1120,E1121,E1123,E1124,E1125,E1126,E1127,E1128,E1129,E1130,E1131,E1132,E1133,E1134,E1135,E1136,E1137,E1138,E1139,E1200,E1201,E1205,E1206,E1300,E1301,E1302,E1303,E1304,E1305,E1306,E1310,E1700,E1701 --msg-template='{line},{column},{category},{symbol}:{msg}' --reports=n --output-format=text ~/python_cgi_web_chat/start_server.py
cwd: ~/python_cgi_web_chat
> /bin/python3 -m pylint --disable=all --enable=F,unreachable,duplicate-key,unnecessary-semicolon,global-variable-not-assigned,unused-variable,unused-wildcard-import,binary-op-exception,bad-format-string,anomalous-backslash-in-string,bad-open-mode,E0001,E0011,E0012,E0100,E0101,E0102,E0103,E0104,E0105,E0107,E0108,E0110,E0111,E0112,E0113,E0114,E0115,E0116,E0117,E0118,E0202,E0203,E0211,E0213,E0236,E0237,E0238,E0239,E0240,E0241,E0301,E0302,E0303,E0401,E0402,E0601,E0602,E0603,E0604,E0611,E0632,E0633,E0701,E0702,E0703,E0704,E0710,E0711,E0712,E1003,E1101,E1102,E1111,E1120,E1121,E1123,E1124,E1125,E1126,E1127,E1128,E1129,E1130,E1131,E1132,E1133,E1134,E1135,E1136,E1137,E1138,E1139,E1200,E1201,E1205,E1206,E1300,E1301,E1302,E1303,E1304,E1305,E1306,E1310,E1700,E1701 --msg-template='{line},{column},{category},{symbol}:{msg}' --reports=n --output-format=text ~/python_cgi_web_chat/start_server.py
cwd: ~/python_cgi_web_chat
> conda info --json
> conda --version
> /usr/bin/python -c "import sys;print(sys.executable)"
> /bin/python3 -c "import sys;print(sys.executable)"
> /bin/python3 -c "import sys;print(sys.prefix)"
cwd: ~/python_cgi_web_chat
> /bin/python3 -c "import sys;print(sys.prefix)"
cwd: ~/python_cgi_web_chat
> /bin/python3 -c "import sys;print(sys.executable)"
cwd: ~/python_cgi_web_chat
> /bin/python3 -c "import sys;print(sys.executable)"
cwd: ~/python_cgi_web_chat
> /bin/python3 -c "from distutils.sysconfig import get_python_lib; print(get_python_lib())"
cwd: ~/python_cgi_web_chat
> /bin/python3 -c "from distutils.sysconfig import get_python_lib; print(get_python_lib())"
cwd: ~/python_cgi_web_chat
> /bin/python3 -m site --user-site
cwd: ~/python_cgi_web_chat
> /bin/python3 -m site --user-site
cwd: ~/python_cgi_web_chat
> /bin/python3 completion.py
cwd: ~/.vscode/extensions/ms-python.python-2019.9.34911/pythonFiles
> /bin/python3 completion.py
cwd: ~/.vscode/extensions/ms-python.python-2019.9.34911/pythonFiles
##########Linting Output - pylint##########
************* Module start_server
19,0,error,syntax-error:Missing parentheses in call to 'print'. Did you mean print(str)? (<unknown>, line 19)
> /usr/bin/python -c "import sys;print(sys.executable)"
> /bin/python3 -c "import sys;print(sys.executable)"
> /bin/python3 -m pylint --disable=all --enable=F,unreachable,duplicate-key,unnecessary-semicolon,global-variable-not-assigned,unused-variable,unused-wildcard-import,binary-op-exception,bad-format-string,anomalous-backslash-in-string,bad-open-mode,E0001,E0011,E0012,E0100,E0101,E0102,E0103,E0104,E0105,E0107,E0108,E0110,E0111,E0112,E0113,E0114,E0115,E0116,E0117,E0118,E0202,E0203,E0211,E0213,E0236,E0237,E0238,E0239,E0240,E0241,E0301,E0302,E0303,E0401,E0402,E0601,E0602,E0603,E0604,E0611,E0632,E0633,E0701,E0702,E0703,E0704,E0710,E0711,E0712,E1003,E1101,E1102,E1111,E1120,E1121,E1123,E1124,E1125,E1126,E1127,E1128,E1129,E1130,E1131,E1132,E1133,E1134,E1135,E1136,E1137,E1138,E1139,E1200,E1201,E1205,E1206,E1300,E1301,E1302,E1303,E1304,E1305,E1306,E1310,E1700,E1701 --msg-template='{line},{column},{category},{symbol}:{msg}' --reports=n --output-format=text ~/python_cgi_web_chat/cgi-bin/chat_util.py
cwd: ~/python_cgi_web_chat
> /bin/python3 -m pylint --disable=all --enable=F,unreachable,duplicate-key,unnecessary-semicolon,global-variable-not-assigned,unused-variable,unused-wildcard-import,binary-op-exception,bad-format-string,anomalous-backslash-in-string,bad-open-mode,E0001,E0011,E0012,E0100,E0101,E0102,E0103,E0104,E0105,E0107,E0108,E0110,E0111,E0112,E0113,E0114,E0115,E0116,E0117,E0118,E0202,E0203,E0211,E0213,E0236,E0237,E0238,E0239,E0240,E0241,E0301,E0302,E0303,E0401,E0402,E0601,E0602,E0603,E0604,E0611,E0632,E0633,E0701,E0702,E0703,E0704,E0710,E0711,E0712,E1003,E1101,E1102,E1111,E1120,E1121,E1123,E1124,E1125,E1126,E1127,E1128,E1129,E1130,E1131,E1132,E1133,E1134,E1135,E1136,E1137,E1138,E1139,E1200,E1201,E1205,E1206,E1300,E1301,E1302,E1303,E1304,E1305,E1306,E1310,E1700,E1701 --msg-template='{line},{column},{category},{symbol}:{msg}' --reports=n --output-format=text ~/python_cgi_web_chat/cgi-bin/chat_util.py
cwd: ~/python_cgi_web_chat
> /usr/bin/python -c "import sys;print(sys.executable)"
> /bin/python3 -c "import sys;print(sys.executable)"
##########Linting Output - pylint##########
************* Module chat_util
2,0,error,syntax-error:Missing parentheses in call to 'print'. Did you mean print("Content-type:text/plain")? (<unknown>, line 2)
> /bin/python3 -m pylint --disable=all --enable=F,unreachable,duplicate-key,unnecessary-semicolon,global-variable-not-assigned,unused-variable,unused-wildcard-import,binary-op-exception,bad-format-string,anomalous-backslash-in-string,bad-open-mode,E0001,E0011,E0012,E0100,E0101,E0102,E0103,E0104,E0105,E0107,E0108,E0110,E0111,E0112,E0113,E0114,E0115,E0116,E0117,E0118,E0202,E0203,E0211,E0213,E0236,E0237,E0238,E0239,E0240,E0241,E0301,E0302,E0303,E0401,E0402,E0601,E0602,E0603,E0604,E0611,E0632,E0633,E0701,E0702,E0703,E0704,E0710,E0711,E0712,E1003,E1101,E1102,E1111,E1120,E1121,E1123,E1124,E1125,E1126,E1127,E1128,E1129,E1130,E1131,E1132,E1133,E1134,E1135,E1136,E1137,E1138,E1139,E1200,E1201,E1205,E1206,E1300,E1301,E1302,E1303,E1304,E1305,E1306,E1310,E1700,E1701 --msg-template='{line},{column},{category},{symbol}:{msg}' --reports=n --output-format=text ~/python_cgi_web_chat/cgi-bin/chat_server.py
cwd: ~/python_cgi_web_chat
> /bin/python3 -m pylint --disable=all --enable=F,unreachable,duplicate-key,unnecessary-semicolon,global-variable-not-assigned,unused-variable,unused-wildcard-import,binary-op-exception,bad-format-string,anomalous-backslash-in-string,bad-open-mode,E0001,E0011,E0012,E0100,E0101,E0102,E0103,E0104,E0105,E0107,E0108,E0110,E0111,E0112,E0113,E0114,E0115,E0116,E0117,E0118,E0202,E0203,E0211,E0213,E0236,E0237,E0238,E0239,E0240,E0241,E0301,E0302,E0303,E0401,E0402,E0601,E0602,E0603,E0604,E0611,E0632,E0633,E0701,E0702,E0703,E0704,E0710,E0711,E0712,E1003,E1101,E1102,E1111,E1120,E1121,E1123,E1124,E1125,E1126,E1127,E1128,E1129,E1130,E1131,E1132,E1133,E1134,E1135,E1136,E1137,E1138,E1139,E1200,E1201,E1205,E1206,E1300,E1301,E1302,E1303,E1304,E1305,E1306,E1310,E1700,E1701 --msg-template='{line},{column},{category},{symbol}:{msg}' --reports=n --output-format=text ~/python_cgi_web_chat/cgi-bin/chat_server.py
cwd: ~/python_cgi_web_chat
> /usr/bin/python -c "import sys;print(sys.executable)"
> /bin/python3 -c "import sys;print(sys.executable)"
##########Linting Output - pylint##########
************* Module chat_server
18,0,error,syntax-error:invalid syntax (<unknown>, line 18)
> /usr/bin/python -c "import sys;print(sys.executable)"
> /bin/python3 -c "import sys;print(sys.executable)"
> /usr/bin/python -c "import sys;print(sys.executable)"
> /bin/python3 -c "import sys;print(sys.executable)"
> /usr/bin/python -c "import sys;print(sys.executable)"
> /bin/python3 -c "import sys;print(sys.executable)"
> /usr/bin/python -c "import sys;print(sys.executable)"
> /bin/python3 -c "import sys;print(sys.executable)"
> /usr/bin/python -c "import sys;print(sys.executable)"
> /bin/python3 -c "import sys;print(sys.executable)"
> /usr/bin/python -c "import sys;print(sys.executable)"
> /bin/python3 -c "import sys;print(sys.executable)"
> /bin/python3 -m pylint --disable=all --enable=F,unreachable,duplicate-key,unnecessary-semicolon,global-variable-not-assigned,unused-variable,unused-wildcard-import,binary-op-exception,bad-format-string,anomalous-backslash-in-string,bad-open-mode,E0001,E0011,E0012,E0100,E0101,E0102,E0103,E0104,E0105,E0107,E0108,E0110,E0111,E0112,E0113,E0114,E0115,E0116,E0117,E0118,E0202,E0203,E0211,E0213,E0236,E0237,E0238,E0239,E0240,E0241,E0301,E0302,E0303,E0401,E0402,E0601,E0602,E0603,E0604,E0611,E0632,E0633,E0701,E0702,E0703,E0704,E0710,E0711,E0712,E1003,E1101,E1102,E1111,E1120,E1121,E1123,E1124,E1125,E1126,E1127,E1128,E1129,E1130,E1131,E1132,E1133,E1134,E1135,E1136,E1137,E1138,E1139,E1200,E1201,E1205,E1206,E1300,E1301,E1302,E1303,E1304,E1305,E1306,E1310,E1700,E1701 --msg-template='{line},{column},{category},{symbol}:{msg}' --reports=n --output-format=text ~/python_cgi_web_chat/cgi-bin/chat_server.py
cwd: ~/python_cgi_web_chat
> /bin/python3 -m pylint --disable=all --enable=F,unreachable,duplicate-key,unnecessary-semicolon,global-variable-not-assigned,unused-variable,unused-wildcard-import,binary-op-exception,bad-format-string,anomalous-backslash-in-string,bad-open-mode,E0001,E0011,E0012,E0100,E0101,E0102,E0103,E0104,E0105,E0107,E0108,E0110,E0111,E0112,E0113,E0114,E0115,E0116,E0117,E0118,E0202,E0203,E0211,E0213,E0236,E0237,E0238,E0239,E0240,E0241,E0301,E0302,E0303,E0401,E0402,E0601,E0602,E0603,E0604,E0611,E0632,E0633,E0701,E0702,E0703,E0704,E0710,E0711,E0712,E1003,E1101,E1102,E1111,E1120,E1121,E1123,E1124,E1125,E1126,E1127,E1128,E1129,E1130,E1131,E1132,E1133,E1134,E1135,E1136,E1137,E1138,E1139,E1200,E1201,E1205,E1206,E1300,E1301,E1302,E1303,E1304,E1305,E1306,E1310,E1700,E1701 --msg-template='{line},{column},{category},{symbol}:{msg}' --reports=n --output-format=text ~/python_cgi_web_chat/cgi-bin/chat_server.py
cwd: ~/python_cgi_web_chat
##########Linting Output - pylint##########
> /bin/python3 -m pylint --disable=all --enable=F,unreachable,duplicate-key,unnecessary-semicolon,global-variable-not-assigned,unused-variable,unused-wildcard-import,binary-op-exception,bad-format-string,anomalous-backslash-in-string,bad-open-mode,E0001,E0011,E0012,E0100,E0101,E0102,E0103,E0104,E0105,E0107,E0108,E0110,E0111,E0112,E0113,E0114,E0115,E0116,E0117,E0118,E0202,E0203,E0211,E0213,E0236,E0237,E0238,E0239,E0240,E0241,E0301,E0302,E0303,E0401,E0402,E0601,E0602,E0603,E0604,E0611,E0632,E0633,E0701,E0702,E0703,E0704,E0710,E0711,E0712,E1003,E1101,E1102,E1111,E1120,E1121,E1123,E1124,E1125,E1126,E1127,E1128,E1129,E1130,E1131,E1132,E1133,E1134,E1135,E1136,E1137,E1138,E1139,E1200,E1201,E1205,E1206,E1300,E1301,E1302,E1303,E1304,E1305,E1306,E1310,E1700,E1701 --msg-template='{line},{column},{category},{symbol}:{msg}' --reports=n --output-format=text ~/python_cgi_web_chat/cgi-bin/chat_server.py
cwd: ~/python_cgi_web_chat
> /bin/python3 -m pylint --disable=all --enable=F,unreachable,duplicate-key,unnecessary-semicolon,global-variable-not-assigned,unused-variable,unused-wildcard-import,binary-op-exception,bad-format-string,anomalous-backslash-in-string,bad-open-mode,E0001,E0011,E0012,E0100,E0101,E0102,E0103,E0104,E0105,E0107,E0108,E0110,E0111,E0112,E0113,E0114,E0115,E0116,E0117,E0118,E0202,E0203,E0211,E0213,E0236,E0237,E0238,E0239,E0240,E0241,E0301,E0302,E0303,E0401,E0402,E0601,E0602,E0603,E0604,E0611,E0632,E0633,E0701,E0702,E0703,E0704,E0710,E0711,E0712,E1003,E1101,E1102,E1111,E1120,E1121,E1123,E1124,E1125,E1126,E1127,E1128,E1129,E1130,E1131,E1132,E1133,E1134,E1135,E1136,E1137,E1138,E1139,E1200,E1201,E1205,E1206,E1300,E1301,E1302,E1303,E1304,E1305,E1306,E1310,E1700,E1701 --msg-template='{line},{column},{category},{symbol}:{msg}' --reports=n --output-format=text ~/python_cgi_web_chat/cgi-bin/chat_server.py
cwd: ~/python_cgi_web_chat
##########Linting Output - pylint##########
> /bin/python3 -m pylint --disable=all --enable=F,unreachable,duplicate-key,unnecessary-semicolon,global-variable-not-assigned,unused-variable,unused-wildcard-import,binary-op-exception,bad-format-string,anomalous-backslash-in-string,bad-open-mode,E0001,E0011,E0012,E0100,E0101,E0102,E0103,E0104,E0105,E0107,E0108,E0110,E0111,E0112,E0113,E0114,E0115,E0116,E0117,E0118,E0202,E0203,E0211,E0213,E0236,E0237,E0238,E0239,E0240,E0241,E0301,E0302,E0303,E0401,E0402,E0601,E0602,E0603,E0604,E0611,E0632,E0633,E0701,E0702,E0703,E0704,E0710,E0711,E0712,E1003,E1101,E1102,E1111,E1120,E1121,E1123,E1124,E1125,E1126,E1127,E1128,E1129,E1130,E1131,E1132,E1133,E1134,E1135,E1136,E1137,E1138,E1139,E1200,E1201,E1205,E1206,E1300,E1301,E1302,E1303,E1304,E1305,E1306,E1310,E1700,E1701 --msg-template='{line},{column},{category},{symbol}:{msg}' --reports=n --output-format=text ~/python_cgi_web_chat/cgi-bin/chat_server.py
cwd: ~/python_cgi_web_chat
> /bin/python3 -m pylint --disable=all --enable=F,unreachable,duplicate-key,unnecessary-semicolon,global-variable-not-assigned,unused-variable,unused-wildcard-import,binary-op-exception,bad-format-string,anomalous-backslash-in-string,bad-open-mode,E0001,E0011,E0012,E0100,E0101,E0102,E0103,E0104,E0105,E0107,E0108,E0110,E0111,E0112,E0113,E0114,E0115,E0116,E0117,E0118,E0202,E0203,E0211,E0213,E0236,E0237,E0238,E0239,E0240,E0241,E0301,E0302,E0303,E0401,E0402,E0601,E0602,E0603,E0604,E0611,E0632,E0633,E0701,E0702,E0703,E0704,E0710,E0711,E0712,E1003,E1101,E1102,E1111,E1120,E1121,E1123,E1124,E1125,E1126,E1127,E1128,E1129,E1130,E1131,E1132,E1133,E1134,E1135,E1136,E1137,E1138,E1139,E1200,E1201,E1205,E1206,E1300,E1301,E1302,E1303,E1304,E1305,E1306,E1310,E1700,E1701 --msg-template='{line},{column},{category},{symbol}:{msg}' --reports=n --output-format=text ~/python_cgi_web_chat/cgi-bin/chat_server.py
cwd: ~/python_cgi_web_chat
##########Linting Output - pylint##########
************* Module chat_server
18,0,error,syntax-error:invalid syntax (<unknown>, line 18)
> /bin/python3 -m pylint --disable=all --enable=F,unreachable,duplicate-key,unnecessary-semicolon,global-variable-not-assigned,unused-variable,unused-wildcard-import,binary-op-exception,bad-format-string,anomalous-backslash-in-string,bad-open-mode,E0001,E0011,E0012,E0100,E0101,E0102,E0103,E0104,E0105,E0107,E0108,E0110,E0111,E0112,E0113,E0114,E0115,E0116,E0117,E0118,E0202,E0203,E0211,E0213,E0236,E0237,E0238,E0239,E0240,E0241,E0301,E0302,E0303,E0401,E0402,E0601,E0602,E0603,E0604,E0611,E0632,E0633,E0701,E0702,E0703,E0704,E0710,E0711,E0712,E1003,E1101,E1102,E1111,E1120,E1121,E1123,E1124,E1125,E1126,E1127,E1128,E1129,E1130,E1131,E1132,E1133,E1134,E1135,E1136,E1137,E1138,E1139,E1200,E1201,E1205,E1206,E1300,E1301,E1302,E1303,E1304,E1305,E1306,E1310,E1700,E1701 --msg-template='{line},{column},{category},{symbol}:{msg}' --reports=n --output-format=text ~/python_cgi_web_chat/cgi-bin/akischat_compact.py
cwd: ~/python_cgi_web_chat
> /bin/python3 -m pylint --disable=all --enable=F,unreachable,duplicate-key,unnecessary-semicolon,global-variable-not-assigned,unused-variable,unused-wildcard-import,binary-op-exception,bad-format-string,anomalous-backslash-in-string,bad-open-mode,E0001,E0011,E0012,E0100,E0101,E0102,E0103,E0104,E0105,E0107,E0108,E0110,E0111,E0112,E0113,E0114,E0115,E0116,E0117,E0118,E0202,E0203,E0211,E0213,E0236,E0237,E0238,E0239,E0240,E0241,E0301,E0302,E0303,E0401,E0402,E0601,E0602,E0603,E0604,E0611,E0632,E0633,E0701,E0702,E0703,E0704,E0710,E0711,E0712,E1003,E1101,E1102,E1111,E1120,E1121,E1123,E1124,E1125,E1126,E1127,E1128,E1129,E1130,E1131,E1132,E1133,E1134,E1135,E1136,E1137,E1138,E1139,E1200,E1201,E1205,E1206,E1300,E1301,E1302,E1303,E1304,E1305,E1306,E1310,E1700,E1701 --msg-template='{line},{column},{category},{symbol}:{msg}' --reports=n --output-format=text ~/python_cgi_web_chat/cgi-bin/akischat_compact.py
cwd: ~/python_cgi_web_chat
> /usr/bin/python -c "import sys;print(sys.executable)"
> /bin/python3 -c "import sys;print(sys.executable)"
> /bin/python3 -m pylint --disable=all --enable=F,unreachable,duplicate-key,unnecessary-semicolon,global-variable-not-assigned,unused-variable,unused-wildcard-import,binary-op-exception,bad-format-string,anomalous-backslash-in-string,bad-open-mode,E0001,E0011,E0012,E0100,E0101,E0102,E0103,E0104,E0105,E0107,E0108,E0110,E0111,E0112,E0113,E0114,E0115,E0116,E0117,E0118,E0202,E0203,E0211,E0213,E0236,E0237,E0238,E0239,E0240,E0241,E0301,E0302,E0303,E0401,E0402,E0601,E0602,E0603,E0604,E0611,E0632,E0633,E0701,E0702,E0703,E0704,E0710,E0711,E0712,E1003,E1101,E1102,E1111,E1120,E1121,E1123,E1124,E1125,E1126,E1127,E1128,E1129,E1130,E1131,E1132,E1133,E1134,E1135,E1136,E1137,E1138,E1139,E1200,E1201,E1205,E1206,E1300,E1301,E1302,E1303,E1304,E1305,E1306,E1310,E1700,E1701 --msg-template='{line},{column},{category},{symbol}:{msg}' --reports=n --output-format=text ~/python_cgi_web_chat/cgi-bin/chat_gui.py
cwd: ~/python_cgi_web_chat
> /bin/python3 -m pylint --disable=all --enable=F,unreachable,duplicate-key,unnecessary-semicolon,global-variable-not-assigned,unused-variable,unused-wildcard-import,binary-op-exception,bad-format-string,anomalous-backslash-in-string,bad-open-mode,E0001,E0011,E0012,E0100,E0101,E0102,E0103,E0104,E0105,E0107,E0108,E0110,E0111,E0112,E0113,E0114,E0115,E0116,E0117,E0118,E0202,E0203,E0211,E0213,E0236,E0237,E0238,E0239,E0240,E0241,E0301,E0302,E0303,E0401,E0402,E0601,E0602,E0603,E0604,E0611,E0632,E0633,E0701,E0702,E0703,E0704,E0710,E0711,E0712,E1003,E1101,E1102,E1111,E1120,E1121,E1123,E1124,E1125,E1126,E1127,E1128,E1129,E1130,E1131,E1132,E1133,E1134,E1135,E1136,E1137,E1138,E1139,E1200,E1201,E1205,E1206,E1300,E1301,E1302,E1303,E1304,E1305,E1306,E1310,E1700,E1701 --msg-template='{line},{column},{category},{symbol}:{msg}' --reports=n --output-format=text ~/python_cgi_web_chat/cgi-bin/chat_gui.py
cwd: ~/python_cgi_web_chat
##########Linting Output - pylint##########
************* Module akischat_compact
3,0,error,syntax-error:Missing parentheses in call to 'print'. Did you mean print("Content-type: text/html")? (<unknown>, line 3)
> /usr/bin/python -c "import sys;print(sys.executable)"
> /bin/python3 -c "import sys;print(sys.executable)"
##########Linting Output - pylint##########
************* Module chat_gui
4,0,error,syntax-error:Missing parentheses in call to 'print'. Did you mean print("Content-type:text/html\r\n\r\n")? (<unknown>, line 4)
> /bin/python3 -m pylint --disable=all --enable=F,unreachable,duplicate-key,unnecessary-semicolon,global-variable-not-assigned,unused-variable,unused-wildcard-import,binary-op-exception,bad-format-string,anomalous-backslash-in-string,bad-open-mode,E0001,E0011,E0012,E0100,E0101,E0102,E0103,E0104,E0105,E0107,E0108,E0110,E0111,E0112,E0113,E0114,E0115,E0116,E0117,E0118,E0202,E0203,E0211,E0213,E0236,E0237,E0238,E0239,E0240,E0241,E0301,E0302,E0303,E0401,E0402,E0601,E0602,E0603,E0604,E0611,E0632,E0633,E0701,E0702,E0703,E0704,E0710,E0711,E0712,E1003,E1101,E1102,E1111,E1120,E1121,E1123,E1124,E1125,E1126,E1127,E1128,E1129,E1130,E1131,E1132,E1133,E1134,E1135,E1136,E1137,E1138,E1139,E1200,E1201,E1205,E1206,E1300,E1301,E1302,E1303,E1304,E1305,E1306,E1310,E1700,E1701 --msg-template='{line},{column},{category},{symbol}:{msg}' --reports=n --output-format=text ~/python_cgi_web_chat/cgi-bin/akischat_compact.py
cwd: ~/python_cgi_web_chat
> /bin/python3 -m pylint --disable=all --enable=F,unreachable,duplicate-key,unnecessary-semicolon,global-variable-not-assigned,unused-variable,unused-wildcard-import,binary-op-exception,bad-format-string,anomalous-backslash-in-string,bad-open-mode,E0001,E0011,E0012,E0100,E0101,E0102,E0103,E0104,E0105,E0107,E0108,E0110,E0111,E0112,E0113,E0114,E0115,E0116,E0117,E0118,E0202,E0203,E0211,E0213,E0236,E0237,E0238,E0239,E0240,E0241,E0301,E0302,E0303,E0401,E0402,E0601,E0602,E0603,E0604,E0611,E0632,E0633,E0701,E0702,E0703,E0704,E0710,E0711,E0712,E1003,E1101,E1102,E1111,E1120,E1121,E1123,E1124,E1125,E1126,E1127,E1128,E1129,E1130,E1131,E1132,E1133,E1134,E1135,E1136,E1137,E1138,E1139,E1200,E1201,E1205,E1206,E1300,E1301,E1302,E1303,E1304,E1305,E1306,E1310,E1700,E1701 --msg-template='{line},{column},{category},{symbol}:{msg}' --reports=n --output-format=text ~/python_cgi_web_chat/cgi-bin/akischat_compact.py
cwd: ~/python_cgi_web_chat
> /usr/bin/python -c "import sys;print(sys.executable)"
> /bin/python3 -c "import sys;print(sys.executable)"
##########Linting Output - pylint##########
************* Module akischat_compact
3,0,error,syntax-error:Missing parentheses in call to 'print'. Did you mean print("Content-type: text/html")? (<unknown>, line 3)
> /bin/python3 -m pylint --disable=all --enable=F,unreachable,duplicate-key,unnecessary-semicolon,global-variable-not-assigned,unused-variable,unused-wildcard-import,binary-op-exception,bad-format-string,anomalous-backslash-in-string,bad-open-mode,E0001,E0011,E0012,E0100,E0101,E0102,E0103,E0104,E0105,E0107,E0108,E0110,E0111,E0112,E0113,E0114,E0115,E0116,E0117,E0118,E0202,E0203,E0211,E0213,E0236,E0237,E0238,E0239,E0240,E0241,E0301,E0302,E0303,E0401,E0402,E0601,E0602,E0603,E0604,E0611,E0632,E0633,E0701,E0702,E0703,E0704,E0710,E0711,E0712,E1003,E1101,E1102,E1111,E1120,E1121,E1123,E1124,E1125,E1126,E1127,E1128,E1129,E1130,E1131,E1132,E1133,E1134,E1135,E1136,E1137,E1138,E1139,E1200,E1201,E1205,E1206,E1300,E1301,E1302,E1303,E1304,E1305,E1306,E1310,E1700,E1701 --msg-template='{line},{column},{category},{symbol}:{msg}' --reports=n --output-format=text ~/python_cgi_web_chat/cgi-bin/chat_gui.py
cwd: ~/python_cgi_web_chat
> /bin/python3 -m pylint --disable=all --enable=F,unreachable,duplicate-key,unnecessary-semicolon,global-variable-not-assigned,unused-variable,unused-wildcard-import,binary-op-exception,bad-format-string,anomalous-backslash-in-string,bad-open-mode,E0001,E0011,E0012,E0100,E0101,E0102,E0103,E0104,E0105,E0107,E0108,E0110,E0111,E0112,E0113,E0114,E0115,E0116,E0117,E0118,E0202,E0203,E0211,E0213,E0236,E0237,E0238,E0239,E0240,E0241,E0301,E0302,E0303,E0401,E0402,E0601,E0602,E0603,E0604,E0611,E0632,E0633,E0701,E0702,E0703,E0704,E0710,E0711,E0712,E1003,E1101,E1102,E1111,E1120,E1121,E1123,E1124,E1125,E1126,E1127,E1128,E1129,E1130,E1131,E1132,E1133,E1134,E1135,E1136,E1137,E1138,E1139,E1200,E1201,E1205,E1206,E1300,E1301,E1302,E1303,E1304,E1305,E1306,E1310,E1700,E1701 --msg-template='{line},{column},{category},{symbol}:{msg}' --reports=n --output-format=text ~/python_cgi_web_chat/cgi-bin/chat_gui.py
cwd: ~/python_cgi_web_chat
> /usr/bin/python -c "import sys;print(sys.executable)"
> /bin/python3 -c "import sys;print(sys.executable)"
##########Linting Output - pylint##########
************* Module chat_gui
4,0,error,syntax-error:Missing parentheses in call to 'print'. Did you mean print("Content-type:text/html\r\n\r\n")? (<unknown>, line 4)
> /usr/bin/python -c "import sys;print(sys.executable)"
> /bin/python3 -c "import sys;print(sys.executable)"
> /usr/bin/python -c "import sys;print(sys.executable)"
> /bin/python3 -c "import sys;print(sys.executable)"
> /bin/python3 -m pylint --disable=all --enable=F,unreachable,duplicate-key,unnecessary-semicolon,global-variable-not-assigned,unused-variable,unused-wildcard-import,binary-op-exception,bad-format-string,anomalous-backslash-in-string,bad-open-mode,E0001,E0011,E0012,E0100,E0101,E0102,E0103,E0104,E0105,E0107,E0108,E0110,E0111,E0112,E0113,E0114,E0115,E0116,E0117,E0118,E0202,E0203,E0211,E0213,E0236,E0237,E0238,E0239,E0240,E0241,E0301,E0302,E0303,E0401,E0402,E0601,E0602,E0603,E0604,E0611,E0632,E0633,E0701,E0702,E0703,E0704,E0710,E0711,E0712,E1003,E1101,E1102,E1111,E1120,E1121,E1123,E1124,E1125,E1126,E1127,E1128,E1129,E1130,E1131,E1132,E1133,E1134,E1135,E1136,E1137,E1138,E1139,E1200,E1201,E1205,E1206,E1300,E1301,E1302,E1303,E1304,E1305,E1306,E1310,E1700,E1701 --msg-template='{line},{column},{category},{symbol}:{msg}' --reports=n --output-format=text ~/python_cgi_web_chat/cgi-bin/chat_gui.py
cwd: ~/python_cgi_web_chat
> /bin/python3 -m pylint --disable=all --enable=F,unreachable,duplicate-key,unnecessary-semicolon,global-variable-not-assigned,unused-variable,unused-wildcard-import,binary-op-exception,bad-format-string,anomalous-backslash-in-string,bad-open-mode,E0001,E0011,E0012,E0100,E0101,E0102,E0103,E0104,E0105,E0107,E0108,E0110,E0111,E0112,E0113,E0114,E0115,E0116,E0117,E0118,E0202,E0203,E0211,E0213,E0236,E0237,E0238,E0239,E0240,E0241,E0301,E0302,E0303,E0401,E0402,E0601,E0602,E0603,E0604,E0611,E0632,E0633,E0701,E0702,E0703,E0704,E0710,E0711,E0712,E1003,E1101,E1102,E1111,E1120,E1121,E1123,E1124,E1125,E1126,E1127,E1128,E1129,E1130,E1131,E1132,E1133,E1134,E1135,E1136,E1137,E1138,E1139,E1200,E1201,E1205,E1206,E1300,E1301,E1302,E1303,E1304,E1305,E1306,E1310,E1700,E1701 --msg-template='{line},{column},{category},{symbol}:{msg}' --reports=n --output-format=text ~/python_cgi_web_chat/cgi-bin/chat_gui.py
cwd: ~/python_cgi_web_chat
> /usr/bin/python -c "import sys;print(sys.executable)"
> /bin/python3 -c "import sys;print(sys.executable)"
##########Linting Output - pylint##########
************* Module chat_gui
4,0,error,syntax-error:Missing parentheses in call to 'print'. Did you mean print("Content-type:text/html\r\n\r\n")? (<unknown>, line 4)
> /bin/python3 -m pylint --disable=all --enable=F,unreachable,duplicate-key,unnecessary-semicolon,global-variable-not-assigned,unused-variable,unused-wildcard-import,binary-op-exception,bad-format-string,anomalous-backslash-in-string,bad-open-mode,E0001,E0011,E0012,E0100,E0101,E0102,E0103,E0104,E0105,E0107,E0108,E0110,E0111,E0112,E0113,E0114,E0115,E0116,E0117,E0118,E0202,E0203,E0211,E0213,E0236,E0237,E0238,E0239,E0240,E0241,E0301,E0302,E0303,E0401,E0402,E0601,E0602,E0603,E0604,E0611,E0632,E0633,E0701,E0702,E0703,E0704,E0710,E0711,E0712,E1003,E1101,E1102,E1111,E1120,E1121,E1123,E1124,E1125,E1126,E1127,E1128,E1129,E1130,E1131,E1132,E1133,E1134,E1135,E1136,E1137,E1138,E1139,E1200,E1201,E1205,E1206,E1300,E1301,E1302,E1303,E1304,E1305,E1306,E1310,E1700,E1701 --msg-template='{line},{column},{category},{symbol}:{msg}' --reports=n --output-format=text ~/python_cgi_web_chat/cgi-bin/chat_server.py
cwd: ~/python_cgi_web_chat
> /bin/python3 -m pylint --disable=all --enable=F,unreachable,duplicate-key,unnecessary-semicolon,global-variable-not-assigned,unused-variable,unused-wildcard-import,binary-op-exception,bad-format-string,anomalous-backslash-in-string,bad-open-mode,E0001,E0011,E0012,E0100,E0101,E0102,E0103,E0104,E0105,E0107,E0108,E0110,E0111,E0112,E0113,E0114,E0115,E0116,E0117,E0118,E0202,E0203,E0211,E0213,E0236,E0237,E0238,E0239,E0240,E0241,E0301,E0302,E0303,E0401,E0402,E0601,E0602,E0603,E0604,E0611,E0632,E0633,E0701,E0702,E0703,E0704,E0710,E0711,E0712,E1003,E1101,E1102,E1111,E1120,E1121,E1123,E1124,E1125,E1126,E1127,E1128,E1129,E1130,E1131,E1132,E1133,E1134,E1135,E1136,E1137,E1138,E1139,E1200,E1201,E1205,E1206,E1300,E1301,E1302,E1303,E1304,E1305,E1306,E1310,E1700,E1701 --msg-template='{line},{column},{category},{symbol}:{msg}' --reports=n --output-format=text ~/python_cgi_web_chat/cgi-bin/chat_server.py
cwd: ~/python_cgi_web_chat
> /usr/bin/python -c "import sys;print(sys.executable)"
> /bin/python3 -c "import sys;print(sys.executable)"
> /bin/python3 -m pylint --disable=all --enable=F,unreachable,duplicate-key,unnecessary-semicolon,global-variable-not-assigned,unused-variable,unused-wildcard-import,binary-op-exception,bad-format-string,anomalous-backslash-in-string,bad-open-mode,E0001,E0011,E0012,E0100,E0101,E0102,E0103,E0104,E0105,E0107,E0108,E0110,E0111,E0112,E0113,E0114,E0115,E0116,E0117,E0118,E0202,E0203,E0211,E0213,E0236,E0237,E0238,E0239,E0240,E0241,E0301,E0302,E0303,E0401,E0402,E0601,E0602,E0603,E0604,E0611,E0632,E0633,E0701,E0702,E0703,E0704,E0710,E0711,E0712,E1003,E1101,E1102,E1111,E1120,E1121,E1123,E1124,E1125,E1126,E1127,E1128,E1129,E1130,E1131,E1132,E1133,E1134,E1135,E1136,E1137,E1138,E1139,E1200,E1201,E1205,E1206,E1300,E1301,E1302,E1303,E1304,E1305,E1306,E1310,E1700,E1701 --msg-template='{line},{column},{category},{symbol}:{msg}' --reports=n --output-format=text ~/python_cgi_web_chat/cgi-bin/chat_util.py
cwd: ~/python_cgi_web_chat
> /bin/python3 -m pylint --disable=all --enable=F,unreachable,duplicate-key,unnecessary-semicolon,global-variable-not-assigned,unused-variable,unused-wildcard-import,binary-op-exception,bad-format-string,anomalous-backslash-in-string,bad-open-mode,E0001,E0011,E0012,E0100,E0101,E0102,E0103,E0104,E0105,E0107,E0108,E0110,E0111,E0112,E0113,E0114,E0115,E0116,E0117,E0118,E0202,E0203,E0211,E0213,E0236,E0237,E0238,E0239,E0240,E0241,E0301,E0302,E0303,E0401,E0402,E0601,E0602,E0603,E0604,E0611,E0632,E0633,E0701,E0702,E0703,E0704,E0710,E0711,E0712,E1003,E1101,E1102,E1111,E1120,E1121,E1123,E1124,E1125,E1126,E1127,E1128,E1129,E1130,E1131,E1132,E1133,E1134,E1135,E1136,E1137,E1138,E1139,E1200,E1201,E1205,E1206,E1300,E1301,E1302,E1303,E1304,E1305,E1306,E1310,E1700,E1701 --msg-template='{line},{column},{category},{symbol}:{msg}' --reports=n --output-format=text ~/python_cgi_web_chat/cgi-bin/chat_util.py
cwd: ~/python_cgi_web_chat
> /usr/bin/python -c "import sys;print(sys.executable)"
> /bin/python3 -c "import sys;print(sys.executable)"
##########Linting Output - pylint##########
************* Module chat_server
18,0,error,syntax-error:invalid syntax (<unknown>, line 18)
##########Linting Output - pylint##########
************* Module chat_util
2,0,error,syntax-error:Missing parentheses in call to 'print'. Did you mean print("Content-type:text/plain")? (<unknown>, line 2)
